<?xml version="1.0" encoding="UTF-8"?>
<!-- Generated by org.testng.reporters.JUnitReportReporter -->
<testsuite name="scripts.Acti_time" tests="1" time="25.339" ignored="0" failures="0" timestamp="05 Nov 2019 11:21:37 GMT" skipped="0" hostname="LAPTOP-VNPRV150" errors="0">
  <testcase name="test" time="25.339" classname="scripts.Acti_time"/>
</testsuite> <!-- scripts.Acti_time -->
